User_App/milit_22/app/build/intermediates/manifest_merge_blame_file/debug/manifest-merger-blame-debug-report.txt
1<?xml version="1.0" encoding="utf-8"?>
2<manifest xmlns:android="http://schemas.android.com/apk/res/android"
3    package="com.mister.steganography"
4    android:versionCode="1"
5    android:versionName="1.0" >
6
7    <uses-sdk
8        android:minSdkVersion="23"
8-->src\main\AndroidManifest.xml
9        android:targetSdkVersion="26" />
9-->src\main\AndroidManifest.xml
10
11    <uses-permission android:name="android.permission.READ_EXTERNAL_STORAGE" />
11-->src\main\AndroidManifest.xml:5:5-80
11-->src\main\AndroidManifest.xml:5:22-77
12    <uses-permission android:name="android.permission.WRITE_EXTERNAL_STORAGE" />
12-->src\main\AndroidManifest.xml:6:5-81
12-->src\main\AndroidManifest.xml:6:22-78
13    <uses-permission android:name="android.permission.USE_BIOMETRIC" /> <!-- suppress DeprecatedClassUsageInspection -->
13-->[androidx.biometric:biometric:1.1.0] AndroidManifest.xml:24:5-72
13-->[androidx.biometric:biometric:1.1.0] AndroidManifest.xml:24:22-69
14    <uses-permission android:name="android.permission.USE_FINGERPRINT" />
14-->[androidx.biometric:biometric:1.1.0] AndroidManifest.xml:27:5-74
14-->[androidx.biometric:biometric:1.1.0] AndroidManifest.xml:27:22-71
15
16    <application
16-->src\main\AndroidManifest.xml:8:5-64:19
17        android:allowBackup="true"
17-->src\main\AndroidManifest.xml:9:9-35
18        android:appComponentFactory="androidx.core.app.CoreComponentFactory"
18-->[androidx.core:core:1.3.2] AndroidManifest.xml:24:18-86
19        android:debuggable="true"
20        android:extractNativeLibs="false"
21        android:icon="@mipmap/ic_launcher"
21-->src\main\AndroidManifest.xml:10:9-43
22        android:label="@string/app_name"
22-->src\main\AndroidManifest.xml:11:9-41
23        android:roundIcon="@mipmap/ic_launcher_round"
23-->src\main\AndroidManifest.xml:12:9-54
24        android:supportsRtl="true"
24-->src\main\AndroidManifest.xml:13:9-35
25        android:testOnly="true"
26        android:theme="@style/AppTheme" >
26-->src\main\AndroidManifest.xml:14:9-40
27        <activity
27-->src\main\AndroidManifest.xml:15:9-17:40
28            android:name="com.mister.steganography.Decodee"
28-->src\main\AndroidManifest.xml:16:13-36
29            android:exported="false" />
29-->src\main\AndroidManifest.xml:17:13-37
30        <activity
30-->src\main\AndroidManifest.xml:18:9-28:20
31            android:name="com.mister.steganography.aboutPage"
31-->src\main\AndroidManifest.xml:19:13-38
32            android:exported="false" >
32-->src\main\AndroidManifest.xml:20:13-37
33
34            <!-- <intent-filter> -->
35            <!-- <action android:name="android.intent.action.MAIN" /> -->
36
37
38            <!-- <category android:name="android.intent.category.LAUNCHER" /> -->
39            <!-- </intent-filter> -->
40        </activity>
41        <activity
41-->src\main\AndroidManifest.xml:29:9-39:20
42            android:name="com.mister.steganography.selectPage"
42-->src\main\AndroidManifest.xml:30:13-39
43            android:exported="false" >
43-->src\main\AndroidManifest.xml:31:13-37
44
45            <!-- <intent-filter> -->
46            <!-- <action android:name="android.intent.action.MAIN" /> -->
47
48
49            <!-- <category android:name="android.intent.category.LAUNCHER" /> -->
50            <!-- </intent-filter> -->
51        </activity>
52        <activity
52-->src\main\AndroidManifest.xml:40:9-42:40
53            android:name="com.mister.steganography.fingerPage"
53-->src\main\AndroidManifest.xml:41:13-39
54            android:exported="false" />
54-->src\main\AndroidManifest.xml:42:13-37
55        <activity
55-->src\main\AndroidManifest.xml:43:9-45:40
56            android:name="com.mister.steganography.loginPage"
56-->src\main\AndroidManifest.xml:44:13-38
57            android:exported="false" />
57-->src\main\AndroidManifest.xml:45:13-37
58        <activity
58-->src\main\AndroidManifest.xml:46:9-54:20
59            android:name="com.mister.steganography.coverPage"
59-->src\main\AndroidManifest.xml:47:13-38
60            android:exported="true" >
60-->src\main\AndroidManifest.xml:48:13-36
61            <intent-filter>
61-->src\main\AndroidManifest.xml:49:13-53:29
62                <action android:name="android.intent.action.MAIN" />
62-->src\main\AndroidManifest.xml:50:17-69
62-->src\main\AndroidManifest.xml:50:25-66
63
64                <category android:name="android.intent.category.LAUNCHER" />
64-->src\main\AndroidManifest.xml:52:17-77
64-->src\main\AndroidManifest.xml:52:27-74
65            </intent-filter>
66        </activity>
67        <activity android:name="com.mister.steganography.DecodeActivity" />
67-->src\main\AndroidManifest.xml:55:9-52
67-->src\main\AndroidManifest.xml:55:19-49
68        <activity android:name="com.mister.steganography.EncodeActivity" />
68-->src\main\AndroidManifest.xml:56:9-52
68-->src\main\AndroidManifest.xml:56:19-49
69        <activity android:name="com.mister.steganography.MainActivity" >
69-->src\main\AndroidManifest.xml:57:9-63:20
69-->src\main\AndroidManifest.xml:57:19-47
70            <intent-filter>
70-->src\main\AndroidManifest.xml:49:13-53:29
71                <action android:name="android.intent.action.MAIN" />
71-->src\main\AndroidManifest.xml:50:17-69
71-->src\main\AndroidManifest.xml:50:25-66
72
73                <category android:name="android.intent.category.LAUNCHER" />
73-->src\main\AndroidManifest.xml:52:17-77
73-->src\main\AndroidManifest.xml:52:27-74
74            </intent-filter>
75        </activity>
76    </application>
77
78</manifest>